This file contains any messages produced by compilers while
running configure, to aid debugging if configure makes a mistake.

It was created by configure, which was
generated by GNU Autoconf 2.62.  Invocation command line was

  $ ../../texk/configure --disable-option-checking --prefix=/opt/luatex/metafont-2.718281/inst --datadir=/opt/luatex/metafont-2.718281/inst --with-xdvi-x-toolkit=xaw --disable-threads --with-old-mac-fonts --without-xindy --enable-tetex-build --bindir=${exec_prefix}/bin/i686-pc-linux-gnu --libdir=${exec_prefix}/lib/i686-pc-linux-gnu --cache-file=/dev/null --srcdir=../../texk

## --------- ##
## Platform. ##
## --------- ##

hostname = luigicasa-laptop
uname -m = i686
uname -r = 2.6.24-28-generic
uname -s = Linux
uname -v = #1 SMP Sat Oct 16 17:46:03 UTC 2010

/usr/bin/uname -p = unknown
/bin/uname -X     = unknown

/bin/arch              = unknown
/usr/bin/arch -k       = unknown
/usr/convex/getsysinfo = unknown
/usr/bin/hostinfo      = unknown
/bin/machine           = unknown
/usr/bin/oslevel       = unknown
/bin/universe          = unknown

PATH: /opt/luatex/texlive/2010/bin/i386-linux
PATH: /usr/local/sbin
PATH: /usr/local/bin
PATH: /usr/sbin
PATH: /usr/bin
PATH: /sbin
PATH: /bin
PATH: /usr/games


## ----------- ##
## Core tests. ##
## ----------- ##

configure:2150: checking whether make sets $(MAKE)
configure:2172: result: yes
configure:2230: checking for gcc
configure:2246: found /usr/bin/gcc
configure:2257: result: gcc
configure:2495: checking for C compiler version
configure:2503: gcc --version >&5
gcc (GCC) 4.2.4 (Ubuntu 4.2.4-1ubuntu4)
Copyright (C) 2007 Free Software Foundation, Inc.
This is free software; see the source for copying conditions.  There is NO
warranty; not even for MERCHANTABILITY or FITNESS FOR A PARTICULAR PURPOSE.

configure:2507: $? = 0
configure:2514: gcc -v >&5
Using built-in specs.
Target: i486-linux-gnu
Configured with: ../src/configure -v --enable-languages=c,c++,fortran,objc,obj-c++,treelang --prefix=/usr --enable-shared --with-system-zlib --libexecdir=/usr/lib --without-included-gettext --enable-threads=posix --enable-nls --with-gxx-include-dir=/usr/include/c++/4.2 --program-suffix=-4.2 --enable-clocale=gnu --enable-libstdcxx-debug --enable-objc-gc --enable-mpfr --enable-targets=all --enable-checking=release --build=i486-linux-gnu --host=i486-linux-gnu --target=i486-linux-gnu
Thread model: posix
gcc version 4.2.4 (Ubuntu 4.2.4-1ubuntu4)
configure:2518: $? = 0
configure:2525: gcc -V >&5
gcc: '-V' option must have argument
configure:2529: $? = 1
configure:2552: checking for C compiler default output file name
configure:2574: gcc    conftest.c  >&5
configure:2578: $? = 0
configure:2616: result: a.out
configure:2633: checking whether the C compiler works
configure:2643: ./a.out
configure:2647: $? = 0
configure:2664: result: yes
configure:2671: checking whether we are cross compiling
configure:2673: result: no
configure:2676: checking for suffix of executables
configure:2683: gcc -o conftest    conftest.c  >&5
configure:2687: $? = 0
configure:2711: result: 
configure:2717: checking for suffix of object files
configure:2743: gcc -c   conftest.c >&5
configure:2747: $? = 0
configure:2770: result: o
configure:2774: checking whether we are using the GNU C compiler
configure:2803: gcc -c   conftest.c >&5
configure:2810: $? = 0
configure:2827: result: yes
configure:2836: checking whether gcc accepts -g
configure:2866: gcc -c -g  conftest.c >&5
configure:2873: $? = 0
configure:2974: result: yes
configure:2991: checking for gcc option to accept ISO C89
configure:3065: gcc  -c -g -O2  conftest.c >&5
configure:3072: $? = 0
configure:3095: result: none needed
configure:3115: checking for strerror in -lcposix
configure:3150: gcc -o conftest -g -O2   conftest.c -lcposix   >&5
/usr/bin/ld: cannot find -lcposix
collect2: ld returned 1 exit status
configure:3157: $? = 1
configure: failed program was:
| /* confdefs.h.  */
| #define PACKAGE_NAME ""
| #define PACKAGE_TARNAME ""
| #define PACKAGE_VERSION ""
| #define PACKAGE_STRING ""
| #define PACKAGE_BUGREPORT ""
| /* end confdefs.h.  */
| 
| /* Override any GCC internal prototype to avoid an error.
|    Use char because int might match the return type of a GCC
|    builtin and then its argument prototype would still apply.  */
| #ifdef __cplusplus
| extern "C"
| #endif
| char strerror ();
| int
| main ()
| {
| return strerror ();
|   ;
|   return 0;
| }
configure:3178: result: no
configure:3186: checking whether ln -s works
configure:3190: result: yes
configure:3336: checking for a BSD-compatible install
configure:3404: result: /usr/bin/install -c
configure:3745: checking whether to enable maintainer-specific portions of Makefiles
configure:3754: result: no
configure:3764: checking for loader (symbol LD)
configure:3775: result: ld
configure:3779: checking for archiver (symbol AR)
configure:3790: result: ar
configure:3794: checking for archiver options (symbol ARFLAGS)
configure:3805: result: rc
configure:3865: checking where the main texmf tree is located
configure:3994: checking for connect
configure:4050: gcc -o conftest -g -O2   conftest.c  >&5
configure:4057: $? = 0
configure:4077: result: yes
configure:4602: checking build system type
configure:4620: result: i686-pc-linux-gnu
configure:4642: checking host system type
configure:4657: result: i686-pc-linux-gnu
configure:4701: checking for ld used by GCC
configure:4764: result: ld
configure:4773: checking if the linker (ld) is GNU ld
GNU ld (GNU Binutils for Ubuntu) 2.18.0.20080103
configure:4785: result: yes
configure:4790: checking for ld option to reload object files
configure:4797: result: -r
configure:4802: checking for BSD-compatible nm
configure:4838: result: /usr/bin/nm -B
configure:4841: checking for a sed that does not truncate output
configure:4923: result: /bin/sed
configure:4926: checking how to recognise dependent libraries
configure:5107: result: pass_all
configure:5119: checking command to parse /usr/bin/nm -B output
configure:5203: gcc -c -g -O2  conftest.c >&5
configure:5206: $? = 0
configure:5210: /usr/bin/nm -B conftest.o \| sed -n -e 's/^.*[ 	]\([ABCDGISTW][ABCDGISTW]*\)[ 	][ 	]*\(\)\([_A-Za-z][_A-Za-z0-9]*\)$/\1 \2\3 \3/p' \> conftest.nm
configure:5213: $? = 0
configure:5265: gcc -o conftest -g -O2   conftest.c conftstm.o >&5
configure:5268: $? = 0
configure:5312: result: ok
configure:5321: checking how to run the C preprocessor
configure:5361: gcc -E  conftest.c
configure:5368: $? = 0
configure:5399: gcc -E  conftest.c
conftest.c:15:28: error: ac_nonexistent.h: No such file or directory
configure:5406: $? = 1
configure: failed program was:
| /* confdefs.h.  */
| #define PACKAGE_NAME ""
| #define PACKAGE_TARNAME ""
| #define PACKAGE_VERSION ""
| #define PACKAGE_STRING ""
| #define PACKAGE_BUGREPORT ""
| #define EDITOR "vi +%d %s"
| #define IPC /**/
| #define GREY 1
| #define COLOR 1
| #define LDT1LIB 1
| #define T1LIB 1
| #define A4 1
| /* end confdefs.h.  */
| #include <ac_nonexistent.h>
configure:5439: result: gcc -E
configure:5468: gcc -E  conftest.c
configure:5475: $? = 0
configure:5506: gcc -E  conftest.c
conftest.c:15:28: error: ac_nonexistent.h: No such file or directory
configure:5513: $? = 1
configure: failed program was:
| /* confdefs.h.  */
| #define PACKAGE_NAME ""
| #define PACKAGE_TARNAME ""
| #define PACKAGE_VERSION ""
| #define PACKAGE_STRING ""
| #define PACKAGE_BUGREPORT ""
| #define EDITOR "vi +%d %s"
| #define IPC /**/
| #define GREY 1
| #define COLOR 1
| #define LDT1LIB 1
| #define T1LIB 1
| #define A4 1
| /* end confdefs.h.  */
| #include <ac_nonexistent.h>
configure:5551: checking for grep that handles long lines and -e
configure:5611: result: /bin/grep
configure:5616: checking for egrep
configure:5680: result: /bin/grep -E
configure:5685: checking for ANSI C header files
configure:5715: gcc -c -g -O2  conftest.c >&5
configure:5722: $? = 0
configure:5821: gcc -o conftest -g -O2   conftest.c  >&5
configure:5825: $? = 0
configure:5831: ./conftest
configure:5835: $? = 0
configure:5853: result: yes
configure:5877: checking for sys/types.h
configure:5898: gcc -c -g -O2  conftest.c >&5
configure:5905: $? = 0
configure:5922: result: yes
configure:5877: checking for sys/stat.h
configure:5898: gcc -c -g -O2  conftest.c >&5
configure:5905: $? = 0
configure:5922: result: yes
configure:5877: checking for stdlib.h
configure:5898: gcc -c -g -O2  conftest.c >&5
configure:5905: $? = 0
configure:5922: result: yes
configure:5877: checking for string.h
configure:5898: gcc -c -g -O2  conftest.c >&5
configure:5905: $? = 0
configure:5922: result: yes
configure:5877: checking for memory.h
configure:5898: gcc -c -g -O2  conftest.c >&5
configure:5905: $? = 0
configure:5922: result: yes
configure:5877: checking for strings.h
configure:5898: gcc -c -g -O2  conftest.c >&5
configure:5905: $? = 0
configure:5922: result: yes
configure:5877: checking for inttypes.h
configure:5898: gcc -c -g -O2  conftest.c >&5
configure:5905: $? = 0
configure:5922: result: yes
configure:5877: checking for stdint.h
configure:5898: gcc -c -g -O2  conftest.c >&5
configure:5905: $? = 0
configure:5922: result: yes
configure:5877: checking for unistd.h
configure:5898: gcc -c -g -O2  conftest.c >&5
configure:5905: $? = 0
configure:5922: result: yes
configure:5951: checking dlfcn.h usability
configure:5968: gcc -c -g -O2  conftest.c >&5
configure:5975: $? = 0
configure:5989: result: yes
configure:5993: checking dlfcn.h presence
configure:6008: gcc -E  conftest.c
configure:6015: $? = 0
configure:6029: result: yes
configure:6057: checking for dlfcn.h
configure:6066: result: yes
configure:6267: checking for ranlib
configure:6283: found /usr/bin/ranlib
configure:6294: result: ranlib
configure:6363: checking for strip
configure:6379: found /usr/bin/strip
configure:6390: result: strip
configure:6626: checking for objdir
configure:6637: result: .libs
configure:6658: checking for gcc option to produce PIC
configure:6804: result: -fPIC
configure:6808: checking if gcc PIC flag -fPIC works
configure:6836: gcc -c -g -O2 -fPIC -DPIC  conftest.c >&5
configure:6843: $? = 0
configure:6885: result: yes
configure:6905: checking if gcc static flag -static works
configure:6934: gcc -o conftest -g -O2   -static conftest.c  >&5
configure:6941: $? = 0
configure:6967: result: yes
configure:6983: checking if gcc supports -c -o file.o
configure:7003: gcc -c -g -O2 -o out/conftest2.o  conftest.c >&5
configure:7027: result: yes
configure:7032: checking if gcc supports -c -o file.lo
configure:7064: gcc -c -g -O2 -c -o conftest.lo  conftest.c >&5
configure:7071: $? = 0
configure:7098: result: yes
configure:7137: checking if gcc supports -fno-rtti -fno-exceptions
configure:7164: gcc -c -g -O2 -fno-rtti -fno-exceptions -c conftest.c  conftest.c >&5
cc1: warning: command line option "-fno-rtti" is valid for C++/ObjC++ but not for C
cc1: warning: command line option "-fno-rtti" is valid for C++/ObjC++ but not for C
configure:7171: $? = 0
configure:7193: result: no
configure:7208: checking whether the linker (ld) supports shared libraries
configure:7903: result: yes
configure:7912: checking how to hardcode library paths into programs
configure:7936: result: immediate
configure:7945: checking whether stripping libraries is possible
configure:7950: result: yes
configure:7965: checking dynamic linker characteristics
configure:8385: result: GNU/Linux ld.so
configure:8394: checking if libtool supports shared libraries
configure:8396: result: yes
configure:8403: checking whether to build shared libraries
configure:8424: result: no
configure:8431: checking whether to build static libraries
configure:8435: result: yes
configure:10127: creating ./config.status

## ---------------------- ##
## Running config.status. ##
## ---------------------- ##

This file was extended by config.status, which was
generated by GNU Autoconf 2.62.  Invocation command line was

  CONFIG_FILES    = 
  CONFIG_HEADERS  = 
  CONFIG_LINKS    = 
  CONFIG_COMMANDS = 
  $ ./config.status 

on luigicasa-laptop

config.status:673: creating Makefile.aux
config.status:673: creating Makefile
configure:11238: === configuring in kpathsea (/opt/luatex/metafont-2.718281/Work/texk/kpathsea)
configure:11341: running /bin/bash ../../../texk/kpathsea/configure --disable-option-checking '--prefix=/opt/luatex/metafont-2.718281/inst'  '--datadir=/opt/luatex/metafont-2.718281/inst' '--with-xdvi-x-toolkit=xaw' '--disable-threads' '--with-old-mac-fonts' '--without-xindy' '--enable-tetex-build' '--bindir=${exec_prefix}/bin/i686-pc-linux-gnu' '--libdir=${exec_prefix}/lib/i686-pc-linux-gnu' --cache-file=/dev/null --srcdir=../../../texk/kpathsea
configure:11238: === configuring in web2c (/opt/luatex/metafont-2.718281/Work/texk/web2c)
configure:11341: running /bin/bash ../../../texk/web2c/configure --disable-option-checking '--prefix=/opt/luatex/metafont-2.718281/inst'  '--datadir=/opt/luatex/metafont-2.718281/inst' '--with-xdvi-x-toolkit=xaw' '--disable-threads' '--with-old-mac-fonts' '--without-xindy' '--enable-tetex-build' '--bindir=${exec_prefix}/bin/i686-pc-linux-gnu' '--libdir=${exec_prefix}/lib/i686-pc-linux-gnu' --cache-file=/dev/null --srcdir=../../../texk/web2c

## ---------------- ##
## Cache variables. ##
## ---------------- ##

ac_cv_build=i686-pc-linux-gnu
ac_cv_c_compiler_gnu=yes
ac_cv_env_CC_set=
ac_cv_env_CC_value=
ac_cv_env_CFLAGS_set=
ac_cv_env_CFLAGS_value=
ac_cv_env_CPPFLAGS_set=
ac_cv_env_CPPFLAGS_value=
ac_cv_env_CPP_set=
ac_cv_env_CPP_value=
ac_cv_env_LDFLAGS_set=
ac_cv_env_LDFLAGS_value=
ac_cv_env_LIBS_set=
ac_cv_env_LIBS_value=
ac_cv_env_build_alias_set=
ac_cv_env_build_alias_value=
ac_cv_env_host_alias_set=
ac_cv_env_host_alias_value=
ac_cv_env_target_alias_set=
ac_cv_env_target_alias_value=
ac_cv_func_connect=yes
ac_cv_header_dlfcn_h=yes
ac_cv_header_inttypes_h=yes
ac_cv_header_memory_h=yes
ac_cv_header_stdc=yes
ac_cv_header_stdint_h=yes
ac_cv_header_stdlib_h=yes
ac_cv_header_string_h=yes
ac_cv_header_strings_h=yes
ac_cv_header_sys_stat_h=yes
ac_cv_header_sys_types_h=yes
ac_cv_header_unistd_h=yes
ac_cv_host=i686-pc-linux-gnu
ac_cv_lib_cposix_strerror=no
ac_cv_objext=o
ac_cv_path_EGREP='/bin/grep -E'
ac_cv_path_GREP=/bin/grep
ac_cv_path_install='/usr/bin/install -c'
ac_cv_prog_CPP='gcc -E'
ac_cv_prog_ac_ct_CC=gcc
ac_cv_prog_ac_ct_RANLIB=ranlib
ac_cv_prog_ac_ct_STRIP=strip
ac_cv_prog_cc_c89=
ac_cv_prog_cc_g=yes
ac_cv_prog_make_make_set=yes
cf_cv_subst_AR=ar
cf_cv_subst_ARFLAGS=rc
cf_cv_subst_LD=ld
lt_cv_compiler_c_o=yes
lt_cv_compiler_o_lo=yes
lt_cv_deplibs_check_method=pass_all
lt_cv_file_magic_cmd='$MAGIC_CMD'
lt_cv_file_magic_test_file='/lib/libc.so.6 /lib/libc-2.7.so'
lt_cv_global_symbol_to_c_name_address='sed -n -e '\''s/^: \([^ ]*\) $/  {\"\1\", (lt_ptr) 0},/p'\'' -e '\''s/^[BCDEGRST] \([^ ]*\) \([^ ]*\)$/  {"\2", (lt_ptr) \&\2},/p'\'''
lt_cv_global_symbol_to_cdecl='sed -n -e '\''s/^. .* \(.*\)$/extern char \1;/p'\'''
lt_cv_ld_reload_flag=-r
lt_cv_path_LD=ld
lt_cv_path_NM='/usr/bin/nm -B'
lt_cv_path_SED=/bin/sed
lt_cv_prog_cc_can_build_shared=yes
lt_cv_prog_cc_no_builtin=
lt_cv_prog_cc_pic=' -fPIC'
lt_cv_prog_cc_pic_works=yes
lt_cv_prog_cc_shlib=
lt_cv_prog_cc_static=-static
lt_cv_prog_cc_static_works=yes
lt_cv_prog_cc_wl=-Wl,
lt_cv_prog_gnu_ld=yes
lt_cv_sys_global_symbol_pipe='sed -n -e '\''s/^.*[ 	]\([ABCDGISTW][ABCDGISTW]*\)[ 	][ 	]*\(\)\([_A-Za-z][_A-Za-z0-9]*\)$/\1 \2\3 \3/p'\'''

## ----------------- ##
## Output variables. ##
## ----------------- ##

AR='ar'
ARFLAGS='rc'
CC='gcc'
CFLAGS='-g -O2'
CPP='gcc -E'
CPPFLAGS=''
DEFS='-DPACKAGE_NAME=\"\" -DPACKAGE_TARNAME=\"\" -DPACKAGE_VERSION=\"\" -DPACKAGE_STRING=\"\" -DPACKAGE_BUGREPORT=\"\" -DEDITOR=\"vi\ +%d\ %s\" -DIPC=/\*\*/ -DGREY=1 -DCOLOR=1 -DLDT1LIB=1 -DT1LIB=1 -DA4=1 -DSTDC_HEADERS=1 -DHAVE_SYS_TYPES_H=1 -DHAVE_SYS_STAT_H=1 -DHAVE_STDLIB_H=1 -DHAVE_STRING_H=1 -DHAVE_MEMORY_H=1 -DHAVE_STRINGS_H=1 -DHAVE_INTTYPES_H=1 -DHAVE_STDINT_H=1 -DHAVE_UNISTD_H=1 -DHAVE_DLFCN_H=1'
ECHO='echo'
ECHO_C=''
ECHO_N='-n'
ECHO_T=''
EGREP='/bin/grep -E'
ESUBDIRS=''
EXEEXT=''
GREP='/bin/grep'
INSTALL_DATA='${INSTALL} -m 644'
INSTALL_PROGRAM='${INSTALL}'
INSTALL_SCRIPT='${INSTALL}'
LD='ld'
LDFLAGS=''
LDT1LIB='../../libs/t1lib/lib/.libs/libt1.a'
LIBOBJS=''
LIBS=''
LIBTOOL='$(SHELL) $(top_builddir)/libtool'
LN_S='ln -s'
LTLIBOBJS=''
MAINT='#M#'
OBJEXT='o'
PACKAGE_BUGREPORT=''
PACKAGE_NAME=''
PACKAGE_STRING=''
PACKAGE_TARNAME=''
PACKAGE_VERSION=''
PATH_SEPARATOR=':'
RANLIB='ranlib'
SET_MAKE=''
SHELL='/bin/bash'
STRIP='strip'
ac_ct_CC='gcc'
ac_prefix_program=''
bindir='${exec_prefix}/bin/i686-pc-linux-gnu'
build='i686-pc-linux-gnu'
build_alias=''
build_cpu='i686'
build_os='linux-gnu'
build_vendor='pc'
datadir='/opt/luatex/metafont-2.718281/inst'
datarootdir='${prefix}/share'
docdir='${datarootdir}/doc/${PACKAGE}'
dvidir='${docdir}'
exec_prefix='${prefix}'
host='i686-pc-linux-gnu'
host_alias=''
host_cpu='i686'
host_os='linux-gnu'
host_vendor='pc'
htmldir='${docdir}'
includedir='${prefix}/include'
infodir='${datarootdir}/info'
libdir='${exec_prefix}/lib/i686-pc-linux-gnu'
libexecdir='${exec_prefix}/libexec'
localedir='${datarootdir}/locale'
localstatedir='${prefix}/var'
mandir='${datarootdir}/man'
oldincludedir='/usr/include'
pdfdir='${docdir}'
prefix='/opt/luatex/metafont-2.718281/inst'
program_transform_name='s,x,x,'
psdir='${docdir}'
sbindir='${exec_prefix}/sbin'
sharedstatedir='${prefix}/com'
socketlibs=''
subdirs=' kpathsea web2c'
sysconfdir='${prefix}/etc'
target_alias=''
texmfmain='/opt/luatex/metafont-2.718281/inst/texmf'

## ----------- ##
## confdefs.h. ##
## ----------- ##

#define PACKAGE_NAME ""
#define PACKAGE_TARNAME ""
#define PACKAGE_VERSION ""
#define PACKAGE_STRING ""
#define PACKAGE_BUGREPORT ""
#define EDITOR "vi +%d %s"
#define IPC /**/
#define GREY 1
#define COLOR 1
#define LDT1LIB 1
#define T1LIB 1
#define A4 1
#define STDC_HEADERS 1
#define HAVE_SYS_TYPES_H 1
#define HAVE_SYS_STAT_H 1
#define HAVE_STDLIB_H 1
#define HAVE_STRING_H 1
#define HAVE_MEMORY_H 1
#define HAVE_STRINGS_H 1
#define HAVE_INTTYPES_H 1
#define HAVE_STDINT_H 1
#define HAVE_UNISTD_H 1
#define HAVE_DLFCN_H 1

configure: exit 0
