This is pdfTeX, Version 3.1415926-1.40.10 (TeX Live 2009) (format=pdftex 2009.11.9)  24 APR 2010 09:18
entering extended mode
 %&-line parsing enabled.
**cwebman.tex
(./cwebman.tex (./cwebmac.tex
(/opt/luatex/texlive/2009/texmf-dist/tex/plain/misc/pdfcolor.tex)
\PPbox=\box16
\MMbox=\box17
\MGbox=\box18
\MODbox=\box19
\bak=\box20
\bakk=\box21
\ind=\count27
\gdepth=\count28
\secpagedepth=\count29
\gtitle=\toks13
\intersecskip=\skip18
\toksA=\toks14
\toksB=\toks15
\toksC=\toks16
\toksD=\toks17
\toksE=\toks18
\toksF=\toks19
\usersanitizer=\toks20
\countA=\count30
\countB=\count31
\countC=\count32
\pagewidth=\dimen16
\pageheight=\dimen17
\fullpageheight=\dimen18
\pageshift=\dimen19
\cont=\write0
\sbox=\box22
\lbox=\box23
\twodigits=\count33
) [0
\openout0 = `cwebman.toc'.

{/opt/luatex/texlive/2009/texmf-var/fonts/map/pdftex/updmap/pdftex.map}] [1] [2
] [3]
[4] [5] [6] [7] [8] [9] [10] [11] [12] [13] [14] [15] [16] (./cwebmac.tex
[17] [18] [19] [20] [21] [22] [23]) [24] [25] [26] [27] )</opt/luatex/texlive/2
009/texmf-dist/fonts/type1/public/amsfonts/cm/cmbx10.pfb></opt/luatex/texlive/2
009/texmf-dist/fonts/type1/public/amsfonts/cm/cmbx12.pfb></opt/luatex/texlive/2
009/texmf-dist/fonts/type1/public/amsfonts/cm/cmmi10.pfb></opt/luatex/texlive/2
009/texmf-dist/fonts/type1/public/amsfonts/cm/cmmi7.pfb></opt/luatex/texlive/20
09/texmf-dist/fonts/type1/public/amsfonts/cm/cmr10.pfb></opt/luatex/texlive/200
9/texmf-dist/fonts/type1/public/amsfonts/cm/cmr12.pfb></opt/luatex/texlive/2009
/texmf-dist/fonts/type1/public/amsfonts/cm/cmr5.pfb></opt/luatex/texlive/2009/t
exmf-dist/fonts/type1/public/amsfonts/cm/cmr7.pfb></opt/luatex/texlive/2009/tex
mf-dist/fonts/type1/public/amsfonts/cm/cmr8.pfb></opt/luatex/texlive/2009/texmf
-dist/fonts/type1/public/amsfonts/cm/cmr9.pfb></opt/luatex/texlive/2009/texmf-d
ist/fonts/type1/public/amsfonts/cm/cmsl10.pfb></opt/luatex/texlive/2009/texmf-d
ist/fonts/type1/public/amsfonts/cm/cmsy10.pfb></opt/luatex/texlive/2009/texmf-d
ist/fonts/type1/public/amsfonts/cm/cmsy7.pfb></opt/luatex/texlive/2009/texmf-di
st/fonts/type1/public/amsfonts/cm/cmtex10.pfb></opt/luatex/texlive/2009/texmf-d
ist/fonts/type1/public/amsfonts/cm/cmti10.pfb></opt/luatex/texlive/2009/texmf-d
ist/fonts/type1/public/amsfonts/cm/cmtt10.pfb></opt/luatex/texlive/2009/texmf-d
ist/fonts/type1/public/amsfonts/cm/cmtt12.pfb></opt/luatex/texlive/2009/texmf-d
ist/fonts/type1/public/amsfonts/cm/cmtt8.pfb>
Output written on cwebman.pdf (28 pages, 355367 bytes).
PDF statistics:
 164 PDF objects out of 1000 (max. 8388607)
 0 named destinations out of 1000 (max. 500000)
 1 words of extra memory for PDF output out of 10000 (max. 10000000)

