This file contains any messages produced by compilers while
running configure, to aid debugging if configure makes a mistake.

It was created by kpathsea configure 3.5.7, which was
generated by GNU Autoconf 2.62.  Invocation command line was

  $ ../../../texk/kpathsea/configure --disable-option-checking --prefix=/opt/luatex/metafont-2.718281/inst --datadir=/opt/luatex/metafont-2.718281/inst --with-xdvi-x-toolkit=xaw --disable-threads --with-old-mac-fonts --without-xindy --enable-tetex-build --bindir=${exec_prefix}/bin/i686-pc-linux-gnu --libdir=${exec_prefix}/lib/i686-pc-linux-gnu --cache-file=/dev/null --srcdir=../../../texk/kpathsea

## --------- ##
## Platform. ##
## --------- ##

hostname = luigicasa-laptop
uname -m = i686
uname -r = 2.6.24-28-generic
uname -s = Linux
uname -v = #1 SMP Sat Oct 16 17:46:03 UTC 2010

/usr/bin/uname -p = unknown
/bin/uname -X     = unknown

/bin/arch              = unknown
/usr/bin/arch -k       = unknown
/usr/convex/getsysinfo = unknown
/usr/bin/hostinfo      = unknown
/bin/machine           = unknown
/usr/bin/oslevel       = unknown
/bin/universe          = unknown

PATH: /opt/luatex/texlive/2010/bin/i386-linux
PATH: /usr/local/sbin
PATH: /usr/local/bin
PATH: /usr/sbin
PATH: /usr/bin
PATH: /sbin
PATH: /bin
PATH: /usr/games


## ----------- ##
## Core tests. ##
## ----------- ##

configure:2070: checking for gcc
configure:2086: found /usr/bin/gcc
configure:2097: result: gcc
configure:2335: checking for C compiler version
configure:2343: gcc --version >&5
gcc (GCC) 4.2.4 (Ubuntu 4.2.4-1ubuntu4)
Copyright (C) 2007 Free Software Foundation, Inc.
This is free software; see the source for copying conditions.  There is NO
warranty; not even for MERCHANTABILITY or FITNESS FOR A PARTICULAR PURPOSE.

configure:2347: $? = 0
configure:2354: gcc -v >&5
Using built-in specs.
Target: i486-linux-gnu
Configured with: ../src/configure -v --enable-languages=c,c++,fortran,objc,obj-c++,treelang --prefix=/usr --enable-shared --with-system-zlib --libexecdir=/usr/lib --without-included-gettext --enable-threads=posix --enable-nls --with-gxx-include-dir=/usr/include/c++/4.2 --program-suffix=-4.2 --enable-clocale=gnu --enable-libstdcxx-debug --enable-objc-gc --enable-mpfr --enable-targets=all --enable-checking=release --build=i486-linux-gnu --host=i486-linux-gnu --target=i486-linux-gnu
Thread model: posix
gcc version 4.2.4 (Ubuntu 4.2.4-1ubuntu4)
configure:2358: $? = 0
configure:2365: gcc -V >&5
gcc: '-V' option must have argument
configure:2369: $? = 1
configure:2392: checking for C compiler default output file name
configure:2414: gcc    conftest.c  >&5
configure:2418: $? = 0
configure:2456: result: a.out
configure:2473: checking whether the C compiler works
configure:2483: ./a.out
configure:2487: $? = 0
configure:2504: result: yes
configure:2511: checking whether we are cross compiling
configure:2513: result: no
configure:2516: checking for suffix of executables
configure:2523: gcc -o conftest    conftest.c  >&5
configure:2527: $? = 0
configure:2551: result: 
configure:2557: checking for suffix of object files
configure:2583: gcc -c   conftest.c >&5
configure:2587: $? = 0
configure:2610: result: o
configure:2614: checking whether we are using the GNU C compiler
configure:2643: gcc -c   conftest.c >&5
configure:2650: $? = 0
configure:2667: result: yes
configure:2676: checking whether gcc accepts -g
configure:2706: gcc -c -g  conftest.c >&5
configure:2713: $? = 0
configure:2814: result: yes
configure:2831: checking for gcc option to accept ISO C89
configure:2905: gcc  -c -g -O2  conftest.c >&5
configure:2912: $? = 0
configure:2935: result: none needed
configure:2998: checking for a BSD-compatible install
configure:3066: result: /usr/bin/install -c
configure:3077: checking whether ln -s works
configure:3081: result: yes
configure:3088: checking whether make sets $(MAKE)
configure:3110: result: yes
configure:3375: checking build system type
configure:3393: result: i686-pc-linux-gnu
configure:3415: checking host system type
configure:3430: result: i686-pc-linux-gnu
configure:3474: checking for ld used by GCC
configure:3537: result: /usr/bin/ld
configure:3546: checking if the linker (/usr/bin/ld) is GNU ld
GNU ld (GNU Binutils for Ubuntu) 2.18.0.20080103
configure:3558: result: yes
configure:3563: checking for /usr/bin/ld option to reload object files
configure:3570: result: -r
configure:3575: checking for BSD-compatible nm
configure:3611: result: /usr/bin/nm -B
configure:3614: checking for a sed that does not truncate output
configure:3696: result: /bin/sed
configure:3699: checking how to recognise dependent libraries
configure:3880: result: pass_all
configure:3893: checking command to parse /usr/bin/nm -B output
configure:3977: gcc -c -g -O2  conftest.c >&5
configure:3980: $? = 0
configure:3984: /usr/bin/nm -B conftest.o \| sed -n -e 's/^.*[ 	]\([ABCDGISTW][ABCDGISTW]*\)[ 	][ 	]*\(\)\([_A-Za-z][_A-Za-z0-9]*\)$/\1 \2\3 \3/p' \> conftest.nm
configure:3987: $? = 0
configure:4039: gcc -o conftest -g -O2   conftest.c conftstm.o >&5
configure:4042: $? = 0
configure:4086: result: ok
configure:4095: checking how to run the C preprocessor
configure:4135: gcc -E  conftest.c
configure:4142: $? = 0
configure:4173: gcc -E  conftest.c
conftest.c:9:28: error: ac_nonexistent.h: No such file or directory
configure:4180: $? = 1
configure: failed program was:
| /* confdefs.h.  */
| #define PACKAGE_NAME "kpathsea"
| #define PACKAGE_TARNAME "kpathsea"
| #define PACKAGE_VERSION "3.5.7"
| #define PACKAGE_STRING "kpathsea 3.5.7"
| #define PACKAGE_BUGREPORT "tex-k@mail.tug.org"
| #define KPSEVERSION "kpathsea version 3.5.7"
| /* end confdefs.h.  */
| #include <ac_nonexistent.h>
configure:4213: result: gcc -E
configure:4242: gcc -E  conftest.c
configure:4249: $? = 0
configure:4280: gcc -E  conftest.c
conftest.c:9:28: error: ac_nonexistent.h: No such file or directory
configure:4287: $? = 1
configure: failed program was:
| /* confdefs.h.  */
| #define PACKAGE_NAME "kpathsea"
| #define PACKAGE_TARNAME "kpathsea"
| #define PACKAGE_VERSION "3.5.7"
| #define PACKAGE_STRING "kpathsea 3.5.7"
| #define PACKAGE_BUGREPORT "tex-k@mail.tug.org"
| #define KPSEVERSION "kpathsea version 3.5.7"
| /* end confdefs.h.  */
| #include <ac_nonexistent.h>
configure:4325: checking for grep that handles long lines and -e
configure:4385: result: /bin/grep
configure:4390: checking for egrep
configure:4454: result: /bin/grep -E
configure:4459: checking for ANSI C header files
configure:4489: gcc -c -g -O2  conftest.c >&5
configure:4496: $? = 0
configure:4595: gcc -o conftest -g -O2   conftest.c  >&5
configure:4599: $? = 0
configure:4605: ./conftest
configure:4609: $? = 0
configure:4627: result: yes
configure:4651: checking for sys/types.h
configure:4672: gcc -c -g -O2  conftest.c >&5
configure:4679: $? = 0
configure:4696: result: yes
configure:4651: checking for sys/stat.h
configure:4672: gcc -c -g -O2  conftest.c >&5
configure:4679: $? = 0
configure:4696: result: yes
configure:4651: checking for stdlib.h
configure:4672: gcc -c -g -O2  conftest.c >&5
configure:4679: $? = 0
configure:4696: result: yes
configure:4651: checking for string.h
configure:4672: gcc -c -g -O2  conftest.c >&5
configure:4679: $? = 0
configure:4696: result: yes
configure:4651: checking for memory.h
configure:4672: gcc -c -g -O2  conftest.c >&5
configure:4679: $? = 0
configure:4696: result: yes
configure:4651: checking for strings.h
configure:4672: gcc -c -g -O2  conftest.c >&5
configure:4679: $? = 0
configure:4696: result: yes
configure:4651: checking for inttypes.h
configure:4672: gcc -c -g -O2  conftest.c >&5
configure:4679: $? = 0
configure:4696: result: yes
configure:4651: checking for stdint.h
configure:4672: gcc -c -g -O2  conftest.c >&5
configure:4679: $? = 0
configure:4696: result: yes
configure:4651: checking for unistd.h
configure:4672: gcc -c -g -O2  conftest.c >&5
configure:4679: $? = 0
configure:4696: result: yes
configure:4725: checking dlfcn.h usability
configure:4742: gcc -c -g -O2  conftest.c >&5
configure:4749: $? = 0
configure:4763: result: yes
configure:4767: checking dlfcn.h presence
configure:4782: gcc -E  conftest.c
configure:4789: $? = 0
configure:4803: result: yes
configure:4836: checking for dlfcn.h
configure:4845: result: yes
configure:5046: checking for ranlib
configure:5062: found /usr/bin/ranlib
configure:5073: result: ranlib
configure:5142: checking for strip
configure:5158: found /usr/bin/strip
configure:5169: result: strip
configure:5405: checking for objdir
configure:5416: result: .libs
configure:5437: checking for gcc option to produce PIC
configure:5583: result: -fPIC
configure:5587: checking if gcc PIC flag -fPIC works
configure:5615: gcc -c -g -O2 -fPIC -DPIC  conftest.c >&5
configure:5622: $? = 0
configure:5664: result: yes
configure:5684: checking if gcc static flag -static works
configure:5713: gcc -o conftest -g -O2   -static conftest.c  >&5
configure:5720: $? = 0
configure:5746: result: yes
configure:5762: checking if gcc supports -c -o file.o
configure:5782: gcc -c -g -O2 -o out/conftest2.o  conftest.c >&5
configure:5806: result: yes
configure:5811: checking if gcc supports -c -o file.lo
configure:5843: gcc -c -g -O2 -c -o conftest.lo  conftest.c >&5
configure:5850: $? = 0
configure:5877: result: yes
configure:5916: checking if gcc supports -fno-rtti -fno-exceptions
configure:5943: gcc -c -g -O2 -fno-rtti -fno-exceptions -c conftest.c  conftest.c >&5
cc1: warning: command line option "-fno-rtti" is valid for C++/ObjC++ but not for C
cc1: warning: command line option "-fno-rtti" is valid for C++/ObjC++ but not for C
configure:5950: $? = 0
configure:5972: result: no
configure:5987: checking whether the linker (/usr/bin/ld) supports shared libraries
configure:6682: result: yes
configure:6691: checking how to hardcode library paths into programs
configure:6715: result: immediate
configure:6724: checking whether stripping libraries is possible
configure:6729: result: yes
configure:6744: checking dynamic linker characteristics
configure:7164: result: GNU/Linux ld.so
configure:7173: checking if libtool supports shared libraries
configure:7175: result: yes
configure:7182: checking whether to build shared libraries
configure:7203: result: no
configure:7210: checking whether to build static libraries
configure:7214: result: yes
configure:8590: checking for special C compiler options needed for large files
configure:8685: result: no
configure:8691: checking for _FILE_OFFSET_BITS value needed for large files
configure:8726: gcc -c -g -O2  conftest.c >&5
conftest.c:26: warning: left shift count >= width of type
conftest.c:26: warning: left shift count >= width of type
conftest.c:28: error: size of array 'off_t_is_large' is negative
configure:8733: $? = 1
configure: failed program was:
| /* confdefs.h.  */
| #define PACKAGE_NAME "kpathsea"
| #define PACKAGE_TARNAME "kpathsea"
| #define PACKAGE_VERSION "3.5.7"
| #define PACKAGE_STRING "kpathsea 3.5.7"
| #define PACKAGE_BUGREPORT "tex-k@mail.tug.org"
| #define KPSEVERSION "kpathsea version 3.5.7"
| #define STDC_HEADERS 1
| #define HAVE_SYS_TYPES_H 1
| #define HAVE_SYS_STAT_H 1
| #define HAVE_STDLIB_H 1
| #define HAVE_STRING_H 1
| #define HAVE_MEMORY_H 1
| #define HAVE_STRINGS_H 1
| #define HAVE_INTTYPES_H 1
| #define HAVE_STDINT_H 1
| #define HAVE_UNISTD_H 1
| #define HAVE_DLFCN_H 1
| /* end confdefs.h.  */
| #include <sys/types.h>
|  /* Check that off_t can represent 2**63 - 1 correctly.
|     We can't simply define LARGE_OFF_T to be 9223372036854775807,
|     since some C++ compilers masquerading as C compilers
|     incorrectly reject 9223372036854775807.  */
| #define LARGE_OFF_T (((off_t) 1 << 62) - 1 + ((off_t) 1 << 62))
|   int off_t_is_large[(LARGE_OFF_T % 2147483629 == 721
| 		       && LARGE_OFF_T % 2147483647 == 1)
| 		      ? 1 : -1];
| int
| main ()
| {
| 
|   ;
|   return 0;
| }
configure:8777: gcc -c -g -O2  conftest.c >&5
configure:8784: $? = 0
configure:8802: result: 64
configure:8939: checking for _LARGEFILE_SOURCE value needed for large files
configure:8968: gcc -o conftest -g -O2   conftest.c  >&5
configure:8975: $? = 0
configure:9048: result: no
configure:9080: checking for dirent.h that defines DIR
configure:9109: gcc -c -g -O2  conftest.c >&5
configure:9116: $? = 0
configure:9133: result: yes
configure:9147: checking for library containing opendir
configure:9188: gcc -o conftest -g -O2   conftest.c  >&5
configure:9195: $? = 0
configure:9226: result: none required
configure:9324: checking for ANSI C header files
configure:9492: result: yes
configure:9502: checking whether closedir returns void
configure:9536: gcc -o conftest -g -O2   conftest.c  >&5
configure:9540: $? = 0
configure:9546: ./conftest
configure:9550: $? = 0
configure:9567: result: no
configure:9603: checking assert.h usability
configure:9620: gcc -c -g -O2  conftest.c >&5
configure:9627: $? = 0
configure:9641: result: yes
configure:9645: checking assert.h presence
configure:9660: gcc -E  conftest.c
configure:9667: $? = 0
configure:9681: result: yes
configure:9714: checking for assert.h
configure:9723: result: yes
configure:9603: checking float.h usability
configure:9620: gcc -c -g -O2  conftest.c >&5
configure:9627: $? = 0
configure:9641: result: yes
configure:9645: checking float.h presence
configure:9660: gcc -E  conftest.c
configure:9667: $? = 0
configure:9681: result: yes
configure:9714: checking for float.h
configure:9723: result: yes
configure:9603: checking limits.h usability
configure:9620: gcc -c -g -O2  conftest.c >&5
configure:9627: $? = 0
configure:9641: result: yes
configure:9645: checking limits.h presence
configure:9660: gcc -E  conftest.c
configure:9667: $? = 0
configure:9681: result: yes
configure:9714: checking for limits.h
configure:9723: result: yes
configure:9592: checking for memory.h
configure:9599: result: yes
configure:9603: checking pwd.h usability
configure:9620: gcc -c -g -O2  conftest.c >&5
configure:9627: $? = 0
configure:9641: result: yes
configure:9645: checking pwd.h presence
configure:9660: gcc -E  conftest.c
configure:9667: $? = 0
configure:9681: result: yes
configure:9714: checking for pwd.h
configure:9723: result: yes
configure:9592: checking for stdlib.h
configure:9599: result: yes
configure:9592: checking for string.h
configure:9599: result: yes
configure:9592: checking for strings.h
configure:9599: result: yes
configure:9603: checking sys/param.h usability
configure:9620: gcc -c -g -O2  conftest.c >&5
configure:9627: $? = 0
configure:9641: result: yes
configure:9645: checking sys/param.h presence
configure:9660: gcc -E  conftest.c
configure:9667: $? = 0
configure:9681: result: yes
configure:9714: checking for sys/param.h
configure:9723: result: yes
configure:9592: checking for unistd.h
configure:9599: result: yes
configure:9737: checking whether strstr is declared
configure:9766: gcc -c -g -O2  conftest.c >&5
configure:9773: $? = 0
configure:9788: result: yes
configure:9811: checking for putenv
configure:9867: gcc -o conftest -g -O2   conftest.c  >&5
configure:9874: $? = 0
configure:9896: result: yes
configure:9913: checking for strcasecmp
configure:9969: gcc -o conftest -g -O2   conftest.c  >&5
conftest.c:59: warning: conflicting types for built-in function 'strcasecmp'
configure:9976: $? = 0
configure:9998: result: yes
configure:10015: checking for strtol
configure:10071: gcc -o conftest -g -O2   conftest.c  >&5
configure:10078: $? = 0
configure:10100: result: yes
configure:10117: checking for strstr
configure:10173: gcc -o conftest -g -O2   conftest.c  >&5
conftest.c:61: warning: conflicting types for built-in function 'strstr'
configure:10180: $? = 0
configure:10202: result: yes
configure:10231: checking for bcmp
configure:10287: gcc -o conftest -g -O2   conftest.c  >&5
conftest.c:62: warning: conflicting types for built-in function 'bcmp'
configure:10294: $? = 0
configure:10316: result: yes
configure:10231: checking for bcopy
configure:10287: gcc -o conftest -g -O2   conftest.c  >&5
conftest.c:63: warning: conflicting types for built-in function 'bcopy'
configure:10294: $? = 0
configure:10316: result: yes
configure:10231: checking for bzero
configure:10287: gcc -o conftest -g -O2   conftest.c  >&5
conftest.c:64: warning: conflicting types for built-in function 'bzero'
configure:10294: $? = 0
configure:10316: result: yes
configure:10231: checking for getcwd
configure:10287: gcc -o conftest -g -O2   conftest.c  >&5
configure:10294: $? = 0
configure:10316: result: yes
configure:10231: checking for getwd
configure:10287: gcc -o conftest -g -O2   conftest.c  >&5
/tmp/ccc3x5UG.o: In function `main':
/opt/luatex/metafont-2.718281/Work/texk/kpathsea/conftest.c:77: warning: the `getwd' function is dangerous and should not be used.
configure:10294: $? = 0
configure:10316: result: yes
configure:10231: checking for index
configure:10287: gcc -o conftest -g -O2   conftest.c  >&5
conftest.c:67: warning: conflicting types for built-in function 'index'
configure:10294: $? = 0
configure:10316: result: yes
configure:10231: checking for memcmp
configure:10287: gcc -o conftest -g -O2   conftest.c  >&5
conftest.c:68: warning: conflicting types for built-in function 'memcmp'
configure:10294: $? = 0
configure:10316: result: yes
configure:10231: checking for memcpy
configure:10287: gcc -o conftest -g -O2   conftest.c  >&5
conftest.c:69: warning: conflicting types for built-in function 'memcpy'
configure:10294: $? = 0
configure:10316: result: yes
configure:10231: checking for rindex
configure:10287: gcc -o conftest -g -O2   conftest.c  >&5
conftest.c:70: warning: conflicting types for built-in function 'rindex'
configure:10294: $? = 0
configure:10316: result: yes
configure:10231: checking for strchr
configure:10287: gcc -o conftest -g -O2   conftest.c  >&5
conftest.c:71: warning: conflicting types for built-in function 'strchr'
configure:10294: $? = 0
configure:10316: result: yes
configure:10231: checking for strrchr
configure:10287: gcc -o conftest -g -O2   conftest.c  >&5
conftest.c:72: warning: conflicting types for built-in function 'strrchr'
configure:10294: $? = 0
configure:10316: result: yes
configure:10328: checking for an ANSI C-conforming const
configure:10403: gcc -c -g -O2  conftest.c >&5
configure:10410: $? = 0
configure:10425: result: yes
configure:10437: checking for struct stat.st_mtim
configure:10465: gcc -c -g -O2  conftest.c >&5
conftest.c: In function 'main':
conftest.c:87: error: used struct type value where scalar is required
configure:10472: $? = 1
configure: failed program was:
| /* confdefs.h.  */
| #define PACKAGE_NAME "kpathsea"
| #define PACKAGE_TARNAME "kpathsea"
| #define PACKAGE_VERSION "3.5.7"
| #define PACKAGE_STRING "kpathsea 3.5.7"
| #define PACKAGE_BUGREPORT "tex-k@mail.tug.org"
| #define KPSEVERSION "kpathsea version 3.5.7"
| #define STDC_HEADERS 1
| #define HAVE_SYS_TYPES_H 1
| #define HAVE_SYS_STAT_H 1
| #define HAVE_STDLIB_H 1
| #define HAVE_STRING_H 1
| #define HAVE_MEMORY_H 1
| #define HAVE_STRINGS_H 1
| #define HAVE_INTTYPES_H 1
| #define HAVE_STDINT_H 1
| #define HAVE_UNISTD_H 1
| #define HAVE_DLFCN_H 1
| #define _FILE_OFFSET_BITS 64
| #define HAVE_FSEEKO 1
| #define HAVE_DIRENT_H 1
| #define STDC_HEADERS 1
| #define HAVE_ASSERT_H 1
| #define HAVE_FLOAT_H 1
| #define HAVE_LIMITS_H 1
| #define HAVE_MEMORY_H 1
| #define HAVE_PWD_H 1
| #define HAVE_STDLIB_H 1
| #define HAVE_STRING_H 1
| #define HAVE_STRINGS_H 1
| #define HAVE_SYS_PARAM_H 1
| #define HAVE_UNISTD_H 1
| #define HAVE_DECL_STRSTR 1
| #define HAVE_PUTENV 1
| #define HAVE_STRCASECMP 1
| #define HAVE_STRTOL 1
| #define HAVE_STRSTR 1
| #define HAVE_BCMP 1
| #define HAVE_BCOPY 1
| #define HAVE_BZERO 1
| #define HAVE_GETCWD 1
| #define HAVE_GETWD 1
| #define HAVE_INDEX 1
| #define HAVE_MEMCMP 1
| #define HAVE_MEMCPY 1
| #define HAVE_RINDEX 1
| #define HAVE_STRCHR 1
| #define HAVE_STRRCHR 1
| /* end confdefs.h.  */
| #include <stdio.h>
| #ifdef HAVE_SYS_TYPES_H
| # include <sys/types.h>
| #endif
| #ifdef HAVE_SYS_STAT_H
| # include <sys/stat.h>
| #endif
| #ifdef STDC_HEADERS
| # include <stdlib.h>
| # include <stddef.h>
| #else
| # ifdef HAVE_STDLIB_H
| #  include <stdlib.h>
| # endif
| #endif
| #ifdef HAVE_STRING_H
| # if !defined STDC_HEADERS && defined HAVE_MEMORY_H
| #  include <memory.h>
| # endif
| # include <string.h>
| #endif
| #ifdef HAVE_STRINGS_H
| # include <strings.h>
| #endif
| #ifdef HAVE_INTTYPES_H
| # include <inttypes.h>
| #endif
| #ifdef HAVE_STDINT_H
| # include <stdint.h>
| #endif
| #ifdef HAVE_UNISTD_H
| # include <unistd.h>
| #endif
| int
| main ()
| {
| static struct stat ac_aggr;
| if (ac_aggr.st_mtim)
| return 0;
|   ;
|   return 0;
| }
configure:10505: gcc -c -g -O2  conftest.c >&5
configure:10512: $? = 0
configure:10530: result: yes
configure:10543: checking whether the compiler accepts prototypes
configure:10569: gcc -c -g -O2  conftest.c >&5
configure:10576: $? = 0
configure:10591: result: yes
configure:10602: checking whether program_invocation_name is predefined
configure:10628: gcc -o conftest -g -O2   conftest.c  >&5
configure:10635: $? = 0
configure:10655: result: yes
configure:10667: checking whether getcwd uses fork or vfork
configure:10697: gcc -o conftest -g -O2   conftest.c  >&5
conftest.c: In function 'fork':
conftest.c:54: warning: incompatible implicit declaration of built-in function 'exit'
conftest.c: In function 'vfork':
conftest.c:55: warning: incompatible implicit declaration of built-in function 'exit'
configure:10701: $? = 0
configure:10707: ./conftest
configure:10711: $? = 0
configure:10728: result: no
configure:10741: checking whether to enable maintainer-specific portions of Makefiles
configure:10750: result: no
configure:10760: checking for loader (symbol LD)
configure:10771: result: /usr/bin/ld
configure:10775: checking for archiver (symbol AR)
configure:10786: result: ar
configure:10790: checking for archiver options (symbol ARFLAGS)
configure:10801: result: rc
configure:10861: checking where the main texmf tree is located
configure:11006: checking for main in -lm
configure:11035: gcc -o conftest -g -O2   conftest.c -lm   >&5
configure:11042: $? = 0
configure:11063: result: yes
configure:11264: creating ./config.status

## ---------------------- ##
## Running config.status. ##
## ---------------------- ##

This file was extended by kpathsea config.status 3.5.7, which was
generated by GNU Autoconf 2.62.  Invocation command line was

  CONFIG_FILES    = 
  CONFIG_HEADERS  = 
  CONFIG_LINKS    = 
  CONFIG_COMMANDS = 
  $ ./config.status 

on luigicasa-laptop

config.status:794: creating Makefile.aux
config.status:794: creating Makefile
config.status:794: creating c-auto.h

## ---------------- ##
## Cache variables. ##
## ---------------- ##

ac_cv_build=i686-pc-linux-gnu
ac_cv_c_compiler_gnu=yes
ac_cv_c_const=yes
ac_cv_env_CC_set=
ac_cv_env_CC_value=
ac_cv_env_CFLAGS_set=
ac_cv_env_CFLAGS_value=
ac_cv_env_CPPFLAGS_set=
ac_cv_env_CPPFLAGS_value=
ac_cv_env_CPP_set=
ac_cv_env_CPP_value=
ac_cv_env_LDFLAGS_set=
ac_cv_env_LDFLAGS_value=
ac_cv_env_LIBS_set=
ac_cv_env_LIBS_value=
ac_cv_env_build_alias_set=
ac_cv_env_build_alias_value=
ac_cv_env_host_alias_set=
ac_cv_env_host_alias_value=
ac_cv_env_target_alias_set=
ac_cv_env_target_alias_value=
ac_cv_func_bcmp=yes
ac_cv_func_bcopy=yes
ac_cv_func_bzero=yes
ac_cv_func_closedir_void=no
ac_cv_func_getcwd=yes
ac_cv_func_getwd=yes
ac_cv_func_index=yes
ac_cv_func_memcmp=yes
ac_cv_func_memcpy=yes
ac_cv_func_putenv=yes
ac_cv_func_rindex=yes
ac_cv_func_strcasecmp=yes
ac_cv_func_strchr=yes
ac_cv_func_strrchr=yes
ac_cv_func_strstr=yes
ac_cv_func_strtol=yes
ac_cv_have_decl_strstr=yes
ac_cv_header_assert_h=yes
ac_cv_header_dirent_dirent_h=yes
ac_cv_header_dlfcn_h=yes
ac_cv_header_float_h=yes
ac_cv_header_inttypes_h=yes
ac_cv_header_limits_h=yes
ac_cv_header_memory_h=yes
ac_cv_header_pwd_h=yes
ac_cv_header_stdc=yes
ac_cv_header_stdint_h=yes
ac_cv_header_stdlib_h=yes
ac_cv_header_string_h=yes
ac_cv_header_strings_h=yes
ac_cv_header_sys_param_h=yes
ac_cv_header_sys_stat_h=yes
ac_cv_header_sys_types_h=yes
ac_cv_header_unistd_h=yes
ac_cv_host=i686-pc-linux-gnu
ac_cv_lib_m_main=yes
ac_cv_member_struct_stat_st_mtim=yes
ac_cv_objext=o
ac_cv_path_EGREP='/bin/grep -E'
ac_cv_path_GREP=/bin/grep
ac_cv_path_install='/usr/bin/install -c'
ac_cv_prog_CPP='gcc -E'
ac_cv_prog_ac_ct_CC=gcc
ac_cv_prog_ac_ct_RANLIB=ranlib
ac_cv_prog_ac_ct_STRIP=strip
ac_cv_prog_cc_c89=
ac_cv_prog_cc_g=yes
ac_cv_prog_make_make_set=yes
ac_cv_search_opendir='none required'
ac_cv_sys_file_offset_bits=64
ac_cv_sys_largefile_CC=no
ac_cv_sys_largefile_source=no
cf_cv_subst_AR=ar
cf_cv_subst_ARFLAGS=rc
cf_cv_subst_LD=/usr/bin/ld
kb_cv_c_prototypes=yes
kb_cv_func_getcwd_forks=no
kb_cv_var_program_inv_name=yes
lt_cv_compiler_c_o=yes
lt_cv_compiler_o_lo=yes
lt_cv_deplibs_check_method=pass_all
lt_cv_file_magic_cmd='$MAGIC_CMD'
lt_cv_file_magic_test_file='/lib/libc.so.6 /lib/libc-2.7.so'
lt_cv_global_symbol_to_c_name_address='sed -n -e '\''s/^: \([^ ]*\) $/  {\"\1\", (lt_ptr) 0},/p'\'' -e '\''s/^[BCDEGRST] \([^ ]*\) \([^ ]*\)$/  {"\2", (lt_ptr) \&\2},/p'\'''
lt_cv_global_symbol_to_cdecl='sed -n -e '\''s/^. .* \(.*\)$/extern char \1;/p'\'''
lt_cv_ld_reload_flag=-r
lt_cv_path_LD=/usr/bin/ld
lt_cv_path_NM='/usr/bin/nm -B'
lt_cv_path_SED=/bin/sed
lt_cv_prog_cc_can_build_shared=yes
lt_cv_prog_cc_no_builtin=
lt_cv_prog_cc_pic=' -fPIC'
lt_cv_prog_cc_pic_works=yes
lt_cv_prog_cc_shlib=
lt_cv_prog_cc_static=-static
lt_cv_prog_cc_static_works=yes
lt_cv_prog_cc_wl=-Wl,
lt_cv_prog_gnu_ld=yes
lt_cv_sys_global_symbol_pipe='sed -n -e '\''s/^.*[ 	]\([ABCDGISTW][ABCDGISTW]*\)[ 	][ 	]*\(\)\([_A-Za-z][_A-Za-z0-9]*\)$/\1 \2\3 \3/p'\'''

## ----------------- ##
## Output variables. ##
## ----------------- ##

AR='ar'
ARFLAGS='rc'
BUILDCC='$(CC)'
BUILDCCLD='$(CCLD)'
BUILDCFLAGS='$(CFLAGS)'
BUILDCPPFLAGS='$(CPPFLAGS)'
BUILDLDFLAGS='$(LDFLAGS)'
CC='gcc'
CFLAGS='-g -O2'
CPP='gcc -E'
CPPFLAGS=''
DEFS='-DHAVE_CONFIG_H'
ECHO='echo'
ECHO_C=''
ECHO_N='-n'
ECHO_T=''
EGREP='/bin/grep -E'
EXEEXT=''
GREP='/bin/grep'
INSTALL_DATA='${INSTALL} -m 644'
INSTALL_PROGRAM='${INSTALL}'
INSTALL_SCRIPT='${INSTALL}'
KPSEVERSION='3.5.7'
KPSE_LT_VERS='5:0:1'
LD='/usr/bin/ld'
LDFLAGS=''
LIBOBJS=''
LIBS='-lm '
LIBTOOL='$(SHELL) $(top_builddir)/libtool'
LN_S='ln -s'
LTLIBOBJS=''
MAINT='#M#'
OBJEXT='o'
PACKAGE_BUGREPORT='tex-k@mail.tug.org'
PACKAGE_NAME='kpathsea'
PACKAGE_STRING='kpathsea 3.5.7'
PACKAGE_TARNAME='kpathsea'
PACKAGE_VERSION='3.5.7'
PATH_SEPARATOR=':'
RANLIB='ranlib'
SET_MAKE=''
SHELL='/bin/bash'
STRIP='strip'
ac_ct_CC='gcc'
bindir='${exec_prefix}/bin/i686-pc-linux-gnu'
build='i686-pc-linux-gnu'
build_alias=''
build_cpu='i686'
build_os='linux-gnu'
build_vendor='pc'
datadir='/opt/luatex/metafont-2.718281/inst'
datarootdir='${prefix}/share'
docdir='${datarootdir}/doc/${PACKAGE_TARNAME}'
dvidir='${docdir}'
exec_prefix='${prefix}'
host='i686-pc-linux-gnu'
host_alias=''
host_cpu='i686'
host_os='linux-gnu'
host_vendor='pc'
htmldir='${docdir}'
includedir='${prefix}/include'
infodir='${datarootdir}/info'
libdir='${exec_prefix}/lib/i686-pc-linux-gnu'
libexecdir='${exec_prefix}/libexec'
localedir='${datarootdir}/locale'
localstatedir='${prefix}/var'
mandir='${datarootdir}/man'
oldincludedir='/usr/include'
pdfdir='${docdir}'
prefix='/opt/luatex/metafont-2.718281/inst'
program_transform_name='s,x,x,'
psdir='${docdir}'
sbindir='${exec_prefix}/sbin'
sharedstatedir='${prefix}/com'
sysconfdir='${prefix}/etc'
target_alias=''
texmfmain='/opt/luatex/metafont-2.718281/inst/texmf'

## ----------- ##
## confdefs.h. ##
## ----------- ##

#define PACKAGE_NAME "kpathsea"
#define PACKAGE_TARNAME "kpathsea"
#define PACKAGE_VERSION "3.5.7"
#define PACKAGE_STRING "kpathsea 3.5.7"
#define PACKAGE_BUGREPORT "tex-k@mail.tug.org"
#define KPSEVERSION "kpathsea version 3.5.7"
#define STDC_HEADERS 1
#define HAVE_SYS_TYPES_H 1
#define HAVE_SYS_STAT_H 1
#define HAVE_STDLIB_H 1
#define HAVE_STRING_H 1
#define HAVE_MEMORY_H 1
#define HAVE_STRINGS_H 1
#define HAVE_INTTYPES_H 1
#define HAVE_STDINT_H 1
#define HAVE_UNISTD_H 1
#define HAVE_DLFCN_H 1
#define _FILE_OFFSET_BITS 64
#define HAVE_FSEEKO 1
#define HAVE_DIRENT_H 1
#define STDC_HEADERS 1
#define HAVE_ASSERT_H 1
#define HAVE_FLOAT_H 1
#define HAVE_LIMITS_H 1
#define HAVE_MEMORY_H 1
#define HAVE_PWD_H 1
#define HAVE_STDLIB_H 1
#define HAVE_STRING_H 1
#define HAVE_STRINGS_H 1
#define HAVE_SYS_PARAM_H 1
#define HAVE_UNISTD_H 1
#define HAVE_DECL_STRSTR 1
#define HAVE_PUTENV 1
#define HAVE_STRCASECMP 1
#define HAVE_STRTOL 1
#define HAVE_STRSTR 1
#define HAVE_BCMP 1
#define HAVE_BCOPY 1
#define HAVE_BZERO 1
#define HAVE_GETCWD 1
#define HAVE_GETWD 1
#define HAVE_INDEX 1
#define HAVE_MEMCMP 1
#define HAVE_MEMCPY 1
#define HAVE_RINDEX 1
#define HAVE_STRCHR 1
#define HAVE_STRRCHR 1
#define HAVE_STRUCT_STAT_ST_MTIM 1
#define HAVE_PROTOTYPES 1
#define HAVE_PROGRAM_INVOCATION_NAME 1
#define MAKE_TEX_MF_BY_DEFAULT 1
#define MAKE_TEX_PK_BY_DEFAULT 1
#define MAKE_TEX_TEX_BY_DEFAULT 0
#define MAKE_TEX_FMT_BY_DEFAULT 1
#define MAKE_TEX_TFM_BY_DEFAULT 1
#define MAKE_OMEGA_OCP_BY_DEFAULT 1
#define MAKE_OMEGA_OFM_BY_DEFAULT 1
#define HAVE_LIBM 1

configure: exit 0
